2025-11-08 14:19:00 | WARN | repo=TransformersLab | action=commit
2025-08-25 21:49:00 | WARN | repo=TransformersLab | action=commit
2025-05-19 07:46:00 | INFO | repo=TransformersLab | action=commit
2025-05-24 10:03:00 | DEBUG | repo=TransformersLab | action=edit | files=4
2025-07-15 15:04:00 | INFO | repo=TransformersLab | action=commit
2025-05-10 07:36:00 | INFO | repo=TransformersLab | action=commit
2025-08-03 16:32:00 | DEBUG | repo=TransformersLab | action=commit
2025-09-09 13:25:00 | INFO | repo=TransformersLab | action=commit
2025-05-18 12:49:00 | DEBUG | repo=TransformersLab | action=commit
2025-09-20 09:27:00 | WARN | repo=TransformersLab | action=commit
2025-04-26 21:04:00 | DEBUG | repo=TransformersLab | action=commit
2025-10-28 09:10:00 | INFO | repo=TransformersLab | action=commit
2025-01-20 07:29:00 | INFO | repo=TransformersLab | action=commit
2025-11-04 11:43:00 | DEBUG | repo=TransformersLab | action=commit
2025-06-17 16:23:00 | DEBUG | repo=TransformersLab | action=commit
2025-12-25T14:34:00 | nonce=10033921417535327832
2025-03-21T11:02:00 | nonce=1851945781035728228
2025-10-06T10:26:00 | nonce=14261862705885934991
2025-07-14T20:25:00 | nonce=5098295781959844170
2025-01-07T16:16:00 | nonce=4730216075385013240
2025-03-24T20:28:00 | nonce=11753439584369131301
2025-08-01T15:10:00 | nonce=7639615259536683305
2025-12-07T11:01:00 | nonce=12612062386886103933
2025-05-11T12:55:00 | nonce=11150508512994197251
